<?xml version="1.0" encoding="UTF-8"?>
<!-- Generated by org.testng.reporters.JUnitXMLReporter -->
<testsuite hostname="MNCTVN05589" name="Forget Password Test" tests="4" failures="0" timestamp="9 Jun 2020 15:07:34 GMT" time="81.997" errors="0">
  <testcase name="" time="18.103" classname="test.Test_ForgetPassword"/>
  <testcase name="" time="17.905" classname="test.Test_ForgetPassword"/>
  <testcase name="" time="18.986" classname="test.Test_ForgetPassword"/>
  <testcase name="" time="17.969" classname="test.Test_ForgetPassword"/>
</testsuite> <!-- Forget Password Test -->
