<?xml version="1.0" encoding="UTF-8"?>
<!-- Generated by org.testng.reporters.JUnitXMLReporter -->
<testsuite hostname="MNCTVN05589" name="Register Test" tests="5" failures="0" timestamp="9 Jun 2020 15:04:28 GMT" time="64.605" errors="0">
  <testcase name="" time="10.167" classname="test.Test_Register"/>
  <testcase name="" time="10.197" classname="test.Test_Register"/>
  <testcase name="" time="10.193" classname="test.Test_Register"/>
  <testcase name="" time="10.645" classname="test.Test_Register"/>
  <testcase name="" time="11.831" classname="test.Test_Register"/>
</testsuite> <!-- Register Test -->
