<?xml version="1.0" encoding="UTF-8"?>
<!-- Generated by org.testng.reporters.JUnitXMLReporter -->
<testsuite hostname="MNCTVN05589" name="Test Register" tests="5" failures="0" timestamp="2 Jun 2020 13:48:38 GMT" time="191.874" errors="0">
  <testcase name="" time="42.043" classname="test.Test_Register"/>
  <testcase name="" time="49.473" classname="test.Test_Register"/>
  <testcase name="" time="31.199" classname="test.Test_Register"/>
  <testcase name="" time="13.553" classname="test.Test_Register"/>
  <testcase name="" time="17.185" classname="test.Test_Register"/>
</testsuite> <!-- Test Register -->
