<?xml version="1.0" encoding="UTF-8"?>
<!-- Generated by org.testng.reporters.JUnitXMLReporter -->
<testsuite hostname="MNCTVN05589" name="Test Register" tests="5" failures="0" timestamp="2 Jun 2020 09:44:19 GMT" time="103.295" errors="0">
  <testcase name="" time="19.262" classname="test.Test_Register"/>
  <testcase name="" time="13.988" classname="test.Test_Register"/>
  <testcase name="" time="12.594" classname="test.Test_Register"/>
  <testcase name="" time="13.547" classname="test.Test_Register"/>
  <testcase name="" time="11.937" classname="test.Test_Register"/>
</testsuite> <!-- Test Register -->
