<?xml version="1.0" encoding="UTF-8"?>
<!-- Generated by org.testng.reporters.JUnitXMLReporter -->
<testsuite hostname="MNCTVN05589" name="Test Register" tests="5" failures="0" timestamp="2 Jun 2020 13:35:19 GMT" time="151.358" errors="0">
  <testcase name="" time="12.809" classname="test.Test_Register"/>
  <testcase name="" time="14.829" classname="test.Test_Register"/>
  <testcase name="" time="14.187" classname="test.Test_Register"/>
  <testcase name="" time="12.29" classname="test.Test_Register"/>
  <testcase name="" time="22.98" classname="test.Test_Register"/>
</testsuite> <!-- Test Register -->
