<?xml version="1.0" encoding="UTF-8"?>
<!-- Generated by org.testng.reporters.JUnitXMLReporter -->
<testsuite hostname="MNCTVN05589" name="Test Login" tests="10" failures="0" timestamp="2 Jun 2020 08:08:42 GMT" time="14.616" errors="0">
  <testcase name="@BeforeMethod set" time="0.0" classname="test.Test_Login">
    <failure type="org.openqa.selenium.SessionNotCreatedException" message="session not created
from chrome not reachable
  (Session info: chrome=83.0.4103.61)
Build info: version: &amp;apos;3.141.59&amp;apos;, revision: &amp;apos;e82be7d358&amp;apos;, time: &amp;apos;2018-11-14T08:17:03&amp;apos;
System info: host: &amp;apos;MNCTVN05589&amp;apos;, ip: &amp;apos;192.168.137.1&amp;apos;, os.name: &amp;apos;Windows 10&amp;apos;, os.arch: &amp;apos;amd64&amp;apos;, os.version: &amp;apos;10.0&amp;apos;, java.version: &amp;apos;1.8.0_221&amp;apos;
Driver info: driver.version: ChromeDriver
remote stacktrace: Backtrace:
	Ordinal0 [0x00B89563+2725219]
	Ordinal0 [0x00A88551+1672529]
	Ordinal0 [0x00970202+524802]
	Ordinal0 [0x009699B2+498098]
	Ordinal0 [0x0096A09B+499867]
	Ordinal0 [0x0096AFF5+503797]
	Ordinal0 [0x00966994+485780]
	Ordinal0 [0x00970FF0+528368]
	Ordinal0 [0x0091D6C9+186057]
	Ordinal0 [0x0091CA3D+182845]
	Ordinal0 [0x0091A94B+174411]
	Ordinal0 [0x00902528+75048]
	Ordinal0 [0x009035A0+79264]
	Ordinal0 [0x00903539+79161]
	Ordinal0 [0x00A9D607+1758727]
	GetHandleVerifier [0x00CA6546+1050150]
	GetHandleVerifier [0x00CA6291+1049457]
	GetHandleVerifier [0x00CB10D7+1094071]
	GetHandleVerifier [0x00CA6B46+1051686]
	Ordinal0 [0x00A95B06+1727238]
	Ordinal0 [0x00A9EB7B+1764219]
	Ordinal0 [0x00A9ECE3+1764579]
	Ordinal0 [0x00AB4C05+1854469]
	BaseThreadInitThunk [0x77976359+25]
	RtlGetAppContainerNamedObjectPath [0x77D17B74+228]
	RtlGetAppContainerNamedObjectPath [0x77D17B44+180]
">
      <![CDATA[org.openqa.selenium.SessionNotCreatedException: session not created
from chrome not reachable
  (Session info: chrome=83.0.4103.61)
Build info: version: '3.141.59', revision: 'e82be7d358', time: '2018-11-14T08:17:03'
System info: host: 'MNCTVN05589', ip: '192.168.137.1', os.name: 'Windows 10', os.arch: 'amd64', os.version: '10.0', java.version: '1.8.0_221'
Driver info: driver.version: ChromeDriver
remote stacktrace: Backtrace:
	Ordinal0 [0x00B89563+2725219]
	Ordinal0 [0x00A88551+1672529]
	Ordinal0 [0x00970202+524802]
	Ordinal0 [0x009699B2+498098]
	Ordinal0 [0x0096A09B+499867]
	Ordinal0 [0x0096AFF5+503797]
	Ordinal0 [0x00966994+485780]
	Ordinal0 [0x00970FF0+528368]
	Ordinal0 [0x0091D6C9+186057]
	Ordinal0 [0x0091CA3D+182845]
	Ordinal0 [0x0091A94B+174411]
	Ordinal0 [0x00902528+75048]
	Ordinal0 [0x009035A0+79264]
	Ordinal0 [0x00903539+79161]
	Ordinal0 [0x00A9D607+1758727]
	GetHandleVerifier [0x00CA6546+1050150]
	GetHandleVerifier [0x00CA6291+1049457]
	GetHandleVerifier [0x00CB10D7+1094071]
	GetHandleVerifier [0x00CA6B46+1051686]
	Ordinal0 [0x00A95B06+1727238]
	Ordinal0 [0x00A9EB7B+1764219]
	Ordinal0 [0x00A9ECE3+1764579]
	Ordinal0 [0x00AB4C05+1854469]
	BaseThreadInitThunk [0x77976359+25]
	RtlGetAppContainerNamedObjectPath [0x77D17B74+228]
	RtlGetAppContainerNamedObjectPath [0x77D17B44+180]

	at org.openqa.selenium.remote.W3CHandshakeResponse.lambda$errorHandler$0(W3CHandshakeResponse.java:62)
	at org.openqa.selenium.remote.HandshakeResponse.lambda$getResponseFunction$0(HandshakeResponse.java:30)
	at org.openqa.selenium.remote.ProtocolHandshake.lambda$createSession$0(ProtocolHandshake.java:126)
	at java.util.stream.ReferencePipeline$3$1.accept(Unknown Source)
	at java.util.Spliterators$ArraySpliterator.tryAdvance(Unknown Source)
	at java.util.stream.ReferencePipeline.forEachWithCancel(Unknown Source)
	at java.util.stream.AbstractPipeline.copyIntoWithCancel(Unknown Source)
	at java.util.stream.AbstractPipeline.copyInto(Unknown Source)
	at java.util.stream.AbstractPipeline.wrapAndCopyInto(Unknown Source)
	at java.util.stream.FindOps$FindOp.evaluateSequential(Unknown Source)
	at java.util.stream.AbstractPipeline.evaluate(Unknown Source)
	at java.util.stream.ReferencePipeline.findFirst(Unknown Source)
	at org.openqa.selenium.remote.ProtocolHandshake.createSession(ProtocolHandshake.java:128)
	at org.openqa.selenium.remote.ProtocolHandshake.createSession(ProtocolHandshake.java:74)
	at org.openqa.selenium.remote.HttpCommandExecutor.execute(HttpCommandExecutor.java:136)
	at org.openqa.selenium.remote.service.DriverCommandExecutor.execute(DriverCommandExecutor.java:83)
	at org.openqa.selenium.remote.RemoteWebDriver.execute(RemoteWebDriver.java:552)
	at org.openqa.selenium.remote.RemoteWebDriver.startSession(RemoteWebDriver.java:213)
	at org.openqa.selenium.remote.RemoteWebDriver.<init>(RemoteWebDriver.java:131)
	at org.openqa.selenium.chrome.ChromeDriver.<init>(ChromeDriver.java:181)
	at org.openqa.selenium.chrome.ChromeDriver.<init>(ChromeDriver.java:168)
	at org.openqa.selenium.chrome.ChromeDriver.<init>(ChromeDriver.java:157)
	at config.Setup.set(Setup.java:41)
... Removed 33 stack frames]]>
    </failure>
  </testcase> <!-- @BeforeMethod set -->
  <testcase name="@AfterMethod done" time="0.0" classname="test.Test_Login">
    <skipped/>
  </testcase> <!-- @AfterMethod done -->
  <testcase name="@BeforeMethod set" time="0.0" classname="test.Test_Login">
    <skipped/>
  </testcase> <!-- @BeforeMethod set -->
  <testcase name="@AfterMethod done" time="0.0" classname="test.Test_Login">
    <skipped/>
  </testcase> <!-- @AfterMethod done -->
  <testcase name="@BeforeMethod set" time="0.0" classname="test.Test_Login">
    <skipped/>
  </testcase> <!-- @BeforeMethod set -->
  <testcase name="@AfterMethod done" time="0.0" classname="test.Test_Login">
    <skipped/>
  </testcase> <!-- @AfterMethod done -->
  <testcase name="@BeforeMethod set" time="0.0" classname="test.Test_Login">
    <skipped/>
  </testcase> <!-- @BeforeMethod set -->
  <testcase name="@AfterMethod done" time="0.0" classname="test.Test_Login">
    <skipped/>
  </testcase> <!-- @AfterMethod done -->
  <testcase name="@BeforeMethod set" time="0.0" classname="test.Test_Login">
    <skipped/>
  </testcase> <!-- @BeforeMethod set -->
  <testcase name="@AfterMethod done" time="0.0" classname="test.Test_Login">
    <skipped/>
  </testcase> <!-- @AfterMethod done -->
  <testcase name="@BeforeMethod set" time="0.0" classname="test.Test_Login">
    <skipped/>
  </testcase> <!-- @BeforeMethod set -->
  <testcase name="@AfterMethod done" time="0.0" classname="test.Test_Login">
    <skipped/>
  </testcase> <!-- @AfterMethod done -->
  <testcase name="@BeforeMethod set" time="0.0" classname="test.Test_Login">
    <skipped/>
  </testcase> <!-- @BeforeMethod set -->
  <testcase name="@AfterMethod done" time="0.0" classname="test.Test_Login">
    <skipped/>
  </testcase> <!-- @AfterMethod done -->
  <testcase name="@BeforeMethod set" time="0.0" classname="test.Test_Login">
    <skipped/>
  </testcase> <!-- @BeforeMethod set -->
  <testcase name="@AfterMethod done" time="0.0" classname="test.Test_Login">
    <skipped/>
  </testcase> <!-- @AfterMethod done -->
  <testcase name="@BeforeMethod set" time="0.0" classname="test.Test_Login">
    <skipped/>
  </testcase> <!-- @BeforeMethod set -->
  <testcase name="@AfterMethod done" time="0.0" classname="test.Test_Login">
    <skipped/>
  </testcase> <!-- @AfterMethod done -->
  <testcase name="@BeforeMethod set" time="0.0" classname="test.Test_Login">
    <skipped/>
  </testcase> <!-- @BeforeMethod set -->
  <testcase name="@AfterMethod done" time="0.0" classname="test.Test_Login">
    <skipped/>
  </testcase> <!-- @AfterMethod done -->
  <testcase name="" time="0.001" classname="test.Test_Login">
    <skipped/>
  </testcase> <!--  -->
  <testcase name="" time="0.0" classname="test.Test_Login">
    <skipped/>
  </testcase> <!--  -->
  <testcase name="" time="0.0" classname="test.Test_Login">
    <skipped/>
  </testcase> <!--  -->
  <testcase name="" time="0.0" classname="test.Test_Login">
    <skipped/>
  </testcase> <!--  -->
  <testcase name="" time="0.0" classname="test.Test_Login">
    <skipped/>
  </testcase> <!--  -->
  <testcase name="" time="0.001" classname="test.Test_Login">
    <skipped/>
  </testcase> <!--  -->
  <testcase name="" time="0.0" classname="test.Test_Login">
    <skipped/>
  </testcase> <!--  -->
  <testcase name="" time="0.0" classname="test.Test_Login">
    <skipped/>
  </testcase> <!--  -->
  <testcase name="" time="0.0" classname="test.Test_Login">
    <skipped/>
  </testcase> <!--  -->
  <testcase name="" time="0.001" classname="test.Test_Login">
    <skipped/>
  </testcase> <!--  -->
</testsuite> <!-- Test Login -->
