<!DOCTYPE html>

<html>
  <head>
  <meta charset='utf-8'>
  <title>TestNG reports</title>

    <link type="text/css" href="testng-reports.css" rel="stylesheet" />  
    <script type="text/javascript" src="jquery-1.7.1.min.js"></script>
    <script type="text/javascript" src="testng-reports.js"></script>
    <script type="text/javascript" src="https://www.google.com/jsapi"></script>
    <script type='text/javascript'>
      google.load('visualization', '1', {packages:['table']});
      google.setOnLoadCallback(drawTable);
      var suiteTableInitFunctions = new Array();
      var suiteTableData = new Array();
    </script>
    <!--
      <script type="text/javascript" src="jquery-ui/js/jquery-ui-1.8.16.custom.min.js"></script>
     -->
  </head>

  <body>
    <div class="top-banner-root">
      <span class="top-banner-title-font">Test results</span>
      <br/>
      <span class="top-banner-font-1">1 suite, 7 failed tests</span>
    </div> <!-- top-banner-root -->
    <div class="navigator-root">
      <div class="navigator-suite-header">
        <span>All suites</span>
        <a href="#" class="collapse-all-link" title="Collapse/expand all the suites">
          <img class="collapse-all-icon" src="collapseall.gif">
          </img> <!-- collapse-all-icon -->
        </a> <!-- collapse-all-link -->
      </div> <!-- navigator-suite-header -->
      <div class="suite">
        <div class="rounded-window">
          <div class="suite-header light-rounded-window-top">
            <a href="#" class="navigator-link" panel-name="suite-Suite">
              <span class="suite-name border-failed">Suite</span>
            </a> <!-- navigator-link -->
          </div> <!-- suite-header light-rounded-window-top -->
          <div class="navigator-suite-content">
            <div class="suite-section-title">
              <span>Info</span>
            </div> <!-- suite-section-title -->
            <div class="suite-section-content">
              <ul>
                <li>
                  <a href="#" class="navigator-link " panel-name="test-xml-Suite">
                    <span>D:\selenium\testng.xml</span>
                  </a> <!-- navigator-link  -->
                </li>
                <li>
                  <a href="#" class="navigator-link " panel-name="testlist-Suite">
                    <span class="test-stats">2 tests</span>
                  </a> <!-- navigator-link  -->
                </li>
                <li>
                  <a href="#" class="navigator-link " panel-name="group-Suite">
                    <span>0 groups</span>
                  </a> <!-- navigator-link  -->
                </li>
                <li>
                  <a href="#" class="navigator-link " panel-name="times-Suite">
                    <span>Times</span>
                  </a> <!-- navigator-link  -->
                </li>
                <li>
                  <a href="#" class="navigator-link " panel-name="reporter-Suite">
                    <span>Reporter output</span>
                  </a> <!-- navigator-link  -->
                </li>
                <li>
                  <a href="#" class="navigator-link " panel-name="ignored-methods-Suite">
                    <span>Ignored methods</span>
                  </a> <!-- navigator-link  -->
                </li>
                <li>
                  <a href="#" class="navigator-link " panel-name="chronological-Suite">
                    <span>Chronological view</span>
                  </a> <!-- navigator-link  -->
                </li>
              </ul>
            </div> <!-- suite-section-content -->
            <div class="result-section">
              <div class="suite-section-title">
                <span>Results</span>
              </div> <!-- suite-section-title -->
              <div class="suite-section-content">
                <ul>
                  <li>
                    <span class="method-stats">25 methods, 7 failed,   18 passed</span>
                  </li>
                  <li>
                    <span class="method-list-title failed">Failed methods</span>
                    <span class="show-or-hide-methods failed">
                      <a href="#" panel-name="suite-Suite" class="hide-methods failed suite-Suite"> (hide)</a> <!-- hide-methods failed suite-Suite -->
                      <a href="#" panel-name="suite-Suite" class="show-methods failed suite-Suite"> (show)</a> <!-- show-methods failed suite-Suite -->
                    </span>
                    <div class="method-list-content failed suite-Suite">
                      <span>
                        <img width="3%" src="failed.png"/>
                        <a href="#" class="method navigator-link" panel-name="suite-Suite" title="test.Test_Chat" hash-for-method="chat_beforeLoginGTV">chat_beforeLoginGTV</a> <!-- method navigator-link -->
                      </span>
                      <br/>
                      <span>
                        <img width="3%" src="failed.png"/>
                        <a href="#" class="method navigator-link" panel-name="suite-Suite" title="test.Test_Chat" hash-for-method="chat_beforeLoginINEWS">chat_beforeLoginINEWS</a> <!-- method navigator-link -->
                      </span>
                      <br/>
                      <span>
                        <img width="3%" src="failed.png"/>
                        <a href="#" class="method navigator-link" panel-name="suite-Suite" title="test.Test_Chat" hash-for-method="chat_beforeLoginMNCTV">chat_beforeLoginMNCTV</a> <!-- method navigator-link -->
                      </span>
                      <br/>
                      <span>
                        <img width="3%" src="failed.png"/>
                        <a href="#" class="method navigator-link" panel-name="suite-Suite" title="test.Test_Chat" hash-for-method="chat_beforeLoginRCTI">chat_beforeLoginRCTI</a> <!-- method navigator-link -->
                      </span>
                      <br/>
                      <span>
                        <img width="3%" src="failed.png"/>
                        <a href="#" class="method navigator-link" panel-name="suite-Suite" title="test.Test_Login" hash-for-method="login_successByAccount">login_successByAccount</a> <!-- method navigator-link -->
                      </span>
                      <br/>
                      <span>
                        <img width="3%" src="failed.png"/>
                        <a href="#" class="method navigator-link" panel-name="suite-Suite" title="test.Test_Login" hash-for-method="login_successByQrCode">login_successByQrCode</a> <!-- method navigator-link -->
                      </span>
                      <br/>
                      <span>
                        <img width="3%" src="failed.png"/>
                        <a href="#" class="method navigator-link" panel-name="suite-Suite" title="test.Test_Mylist" hash-for-method="mylist_addByAccountLogin">mylist_addByAccountLogin</a> <!-- method navigator-link -->
                      </span>
                      <br/>
                    </div> <!-- method-list-content failed suite-Suite -->
                  </li>
                  <li>
                    <span class="method-list-title passed">Passed methods</span>
                    <span class="show-or-hide-methods passed">
                      <a href="#" panel-name="suite-Suite" class="hide-methods passed suite-Suite"> (hide)</a> <!-- hide-methods passed suite-Suite -->
                      <a href="#" panel-name="suite-Suite" class="show-methods passed suite-Suite"> (show)</a> <!-- show-methods passed suite-Suite -->
                    </span>
                    <div class="method-list-content passed suite-Suite">
                      <span>
                        <img width="3%" src="passed.png"/>
                        <a href="#" class="method navigator-link" panel-name="suite-Suite" title="test.Test_ForgetPassword" hash-for-method="forgetpassword_emailNotRegistered">forgetpassword_emailNotRegistered</a> <!-- method navigator-link -->
                      </span>
                      <br/>
                      <span>
                        <img width="3%" src="passed.png"/>
                        <a href="#" class="method navigator-link" panel-name="suite-Suite" title="test.Test_ForgetPassword" hash-for-method="forgetpassword_invalidEmail">forgetpassword_invalidEmail</a> <!-- method navigator-link -->
                      </span>
                      <br/>
                      <span>
                        <img width="3%" src="passed.png"/>
                        <a href="#" class="method navigator-link" panel-name="suite-Suite" title="test.Test_ForgetPassword" hash-for-method="forgetpassword_invalidPhone">forgetpassword_invalidPhone</a> <!-- method navigator-link -->
                      </span>
                      <br/>
                      <span>
                        <img width="3%" src="passed.png"/>
                        <a href="#" class="method navigator-link" panel-name="suite-Suite" title="test.Test_ForgetPassword" hash-for-method="forgetpassword_phoneNotRegistered">forgetpassword_phoneNotRegistered</a> <!-- method navigator-link -->
                      </span>
                      <br/>
                      <span>
                        <img width="3%" src="passed.png"/>
                        <a href="#" class="method navigator-link" panel-name="suite-Suite" title="test.Test_Login" hash-for-method="login_invalidEmail">login_invalidEmail</a> <!-- method navigator-link -->
                      </span>
                      <br/>
                      <span>
                        <img width="3%" src="passed.png"/>
                        <a href="#" class="method navigator-link" panel-name="suite-Suite" title="test.Test_Login" hash-for-method="login_invalidPassword">login_invalidPassword</a> <!-- method navigator-link -->
                      </span>
                      <br/>
                      <span>
                        <img width="3%" src="passed.png"/>
                        <a href="#" class="method navigator-link" panel-name="suite-Suite" title="test.Test_Login" hash-for-method="login_invalidPhone">login_invalidPhone</a> <!-- method navigator-link -->
                      </span>
                      <br/>
                      <span>
                        <img width="3%" src="passed.png"/>
                        <a href="#" class="method navigator-link" panel-name="suite-Suite" title="test.Test_Login" hash-for-method="login_notRegisteredEmail">login_notRegisteredEmail</a> <!-- method navigator-link -->
                      </span>
                      <br/>
                      <span>
                        <img width="3%" src="passed.png"/>
                        <a href="#" class="method navigator-link" panel-name="suite-Suite" title="test.Test_Login" hash-for-method="login_notRegisteredPhone">login_notRegisteredPhone</a> <!-- method navigator-link -->
                      </span>
                      <br/>
                      <span>
                        <img width="3%" src="passed.png"/>
                        <a href="#" class="method navigator-link" panel-name="suite-Suite" title="test.Test_Login" hash-for-method="login_success">login_success</a> <!-- method navigator-link -->
                      </span>
                      <br/>
                      <span>
                        <img width="3%" src="passed.png"/>
                        <a href="#" class="method navigator-link" panel-name="suite-Suite" title="test.Test_Login" hash-for-method="login_successByContinueWatching">login_successByContinueWatching</a> <!-- method navigator-link -->
                      </span>
                      <br/>
                      <span>
                        <img width="3%" src="passed.png"/>
                        <a href="#" class="method navigator-link" panel-name="suite-Suite" title="test.Test_Login" hash-for-method="login_successByHistory">login_successByHistory</a> <!-- method navigator-link -->
                      </span>
                      <br/>
                      <span>
                        <img width="3%" src="passed.png"/>
                        <a href="#" class="method navigator-link" panel-name="suite-Suite" title="test.Test_Login" hash-for-method="login_successByMyList">login_successByMyList</a> <!-- method navigator-link -->
                      </span>
                      <br/>
                      <span>
                        <img width="3%" src="passed.png"/>
                        <a href="#" class="method navigator-link" panel-name="suite-Suite" title="test.Test_Register" hash-for-method="register_invalidEmail">register_invalidEmail</a> <!-- method navigator-link -->
                      </span>
                      <br/>
                      <span>
                        <img width="3%" src="passed.png"/>
                        <a href="#" class="method navigator-link" panel-name="suite-Suite" title="test.Test_Register" hash-for-method="register_invalidPasswordNotMatch">register_invalidPasswordNotMatch</a> <!-- method navigator-link -->
                      </span>
                      <br/>
                      <span>
                        <img width="3%" src="passed.png"/>
                        <a href="#" class="method navigator-link" panel-name="suite-Suite" title="test.Test_Register" hash-for-method="register_invalidPasswordNumChar">register_invalidPasswordNumChar</a> <!-- method navigator-link -->
                      </span>
                      <br/>
                      <span>
                        <img width="3%" src="passed.png"/>
                        <a href="#" class="method navigator-link" panel-name="suite-Suite" title="test.Test_Register" hash-for-method="register_maxCharFullname">register_maxCharFullname</a> <!-- method navigator-link -->
                      </span>
                      <br/>
                      <span>
                        <img width="3%" src="passed.png"/>
                        <a href="#" class="method navigator-link" panel-name="suite-Suite" title="test.Test_Register" hash-for-method="register_validateGender">register_validateGender</a> <!-- method navigator-link -->
                      </span>
                      <br/>
                    </div> <!-- method-list-content passed suite-Suite -->
                  </li>
                </ul>
              </div> <!-- suite-section-content -->
            </div> <!-- result-section -->
          </div> <!-- navigator-suite-content -->
        </div> <!-- rounded-window -->
      </div> <!-- suite -->
    </div> <!-- navigator-root -->
    <div class="wrapper">
      <div class="main-panel-root">
        <div panel-name="suite-Suite" class="panel Suite">
          <div class="suite-Suite-class-failed">
            <div class="main-panel-header rounded-window-top">
              <img src="failed.png"/>
              <span class="class-name">test.Test_Mylist</span>
            </div> <!-- main-panel-header rounded-window-top -->
            <div class="main-panel-content rounded-window-bottom">
              <div class="method">
                <div class="method-content">
                  <a name="mylist_addByAccountLogin">
                  </a> <!-- mylist_addByAccountLogin -->
                  <span class="method-name">mylist_addByAccountLogin</span>
                  <div class="stack-trace">java.lang.AssertionError: expected [â€Œ] but found [dibayarlunas1video]
	at object.Mylists.validateMylistAdded(Mylists.java:113)
	at testcases.Mylist.addMylistByAccountLogin(Mylist.java:25)
	at test.Test_Mylist.mylist_addByAccountLogin(Test_Mylist.java:17)
	at java.util.concurrent.ThreadPoolExecutor.runWorker(Unknown Source)
	at java.util.concurrent.ThreadPoolExecutor$Worker.run(Unknown Source)
	at java.lang.Thread.run(Unknown Source)
... Removed 16 stack frames
</div> <!-- stack-trace -->
                </div> <!-- method-content -->
              </div> <!-- method -->
            </div> <!-- main-panel-content rounded-window-bottom -->
          </div> <!-- suite-Suite-class-failed -->
          <div class="suite-Suite-class-failed">
            <div class="main-panel-header rounded-window-top">
              <img src="failed.png"/>
              <span class="class-name">test.Test_Login</span>
            </div> <!-- main-panel-header rounded-window-top -->
            <div class="main-panel-content rounded-window-bottom">
              <div class="method">
                <div class="method-content">
                  <a name="login_successByAccount">
                  </a> <!-- login_successByAccount -->
                  <span class="method-name">login_successByAccount</span>
                  <div class="stack-trace">org.openqa.selenium.NoSuchElementException: no such element: Unable to locate element: {&quot;method&quot;:&quot;css selector&quot;,&quot;selector&quot;:&quot;#email&quot;}
  (Session info: chrome=83.0.4103.61)
For documentation on this error, please visit: https://www.seleniumhq.org/exceptions/no_such_element.html
Build info: version: &apos;3.141.59&apos;, revision: &apos;e82be7d358&apos;, time: &apos;2018-11-14T08:17:03&apos;
System info: host: &apos;MNCTVN05589&apos;, ip: &apos;192.168.43.28&apos;, os.name: &apos;Windows 10&apos;, os.arch: &apos;amd64&apos;, os.version: &apos;10.0&apos;, java.version: &apos;1.8.0_221&apos;
Driver info: org.openqa.selenium.remote.RemoteWebDriver
Capabilities {acceptInsecureCerts: false, browserName: chrome, browserVersion: 83.0.4103.61, chrome: {chromedriverVersion: 83.0.4103.39 (ccbf011cb2d2b..., userDataDir: /tmp/.com.google.Chrome.Ybtfjn}, goog:chromeOptions: {debuggerAddress: localhost:46769}, javascriptEnabled: true, networkConnectionEnabled: false, pageLoadStrategy: normal, platform: LINUX, platformName: LINUX, proxy: Proxy(), setWindowRect: true, strictFileInteractability: false, timeouts: {implicit: 0, pageLoad: 300000, script: 30000}, unhandledPromptBehavior: dismiss and notify, webauthn:virtualAuthenticators: true, webdriver.remote.sessionid: 908a706693688ddb6da3c5bb47b...}
Session ID: 908a706693688ddb6da3c5bb47bc7ef6
*** Element info: {Using=id, value=email}
	at org.openqa.selenium.remote.http.W3CHttpResponseCodec.createException(W3CHttpResponseCodec.java:187)
	at org.openqa.selenium.remote.http.W3CHttpResponseCodec.decode(W3CHttpResponseCodec.java:122)
	at org.openqa.selenium.remote.http.W3CHttpResponseCodec.decode(W3CHttpResponseCodec.java:49)
	at org.openqa.selenium.remote.HttpCommandExecutor.execute(HttpCommandExecutor.java:158)
	at org.openqa.selenium.remote.RemoteWebDriver.execute(RemoteWebDriver.java:552)
	at org.openqa.selenium.remote.RemoteWebDriver.findElement(RemoteWebDriver.java:323)
	at org.openqa.selenium.remote.RemoteWebDriver.findElementById(RemoteWebDriver.java:372)
	at org.openqa.selenium.By$ById.findElement(By.java:188)
	at org.openqa.selenium.remote.RemoteWebDriver.findElement(RemoteWebDriver.java:315)
	at object.Logins.clearFormUsername(Logins.java:117)
	at object.Logins.inputUsername(Logins.java:89)
	at testcases.Login.loginByAccount(Login.java:125)
	at test.Test_Login.login_successByAccount(Test_Login.java:63)
	at java.util.concurrent.ThreadPoolExecutor.runWorker(Unknown Source)
	at java.util.concurrent.ThreadPoolExecutor$Worker.run(Unknown Source)
	at java.lang.Thread.run(Unknown Source)
... Removed 14 stack frames
</div> <!-- stack-trace -->
                </div> <!-- method-content -->
              </div> <!-- method -->
              <div class="method">
                <div class="method-content">
                  <a name="login_successByQrCode">
                  </a> <!-- login_successByQrCode -->
                  <span class="method-name">login_successByQrCode</span>
                  <div class="stack-trace">org.openqa.selenium.json.JsonException: java.lang.reflect.InvocationTargetException
Build info: version: &apos;3.141.59&apos;, revision: &apos;e82be7d358&apos;, time: &apos;2018-11-14T08:17:03&apos;
System info: host: &apos;MNCTVN05589&apos;, ip: &apos;192.168.43.28&apos;, os.name: &apos;Windows 10&apos;, os.arch: &apos;amd64&apos;, os.version: &apos;10.0&apos;, java.version: &apos;1.8.0_221&apos;
Driver info: driver.version: RemoteWebDriver
	at org.openqa.selenium.json.JsonOutput.convertUsingMethod(JsonOutput.java:332)
	at org.openqa.selenium.json.JsonOutput.lambda$new$16(JsonOutput.java:155)
	at org.openqa.selenium.json.JsonOutput.write(JsonOutput.java:264)
	at org.openqa.selenium.json.JsonOutput.lambda$null$21(JsonOutput.java:168)
	at java.util.LinkedHashMap$LinkedValues.forEach(Unknown Source)
	at org.openqa.selenium.json.JsonOutput.lambda$new$22(JsonOutput.java:168)
	at org.openqa.selenium.json.JsonOutput.write(JsonOutput.java:264)
	at org.openqa.selenium.json.JsonOutput.lambda$null$23(JsonOutput.java:177)
	at com.google.common.collect.SingletonImmutableBiMap.forEach(SingletonImmutableBiMap.java:65)
	at org.openqa.selenium.json.JsonOutput.lambda$new$24(JsonOutput.java:176)
	at org.openqa.selenium.json.JsonOutput.write(JsonOutput.java:264)
	at org.openqa.selenium.json.JsonOutput.write(JsonOutput.java:255)
	at org.openqa.selenium.json.Json.toJson(Json.java:42)
	at org.openqa.selenium.remote.http.AbstractHttpCommandCodec.encode(AbstractHttpCommandCodec.java:227)
	at org.openqa.selenium.remote.http.AbstractHttpCommandCodec.encode(AbstractHttpCommandCodec.java:117)
	at org.openqa.selenium.remote.HttpCommandExecutor.execute(HttpCommandExecutor.java:152)
	at org.openqa.selenium.remote.RemoteWebDriver.execute(RemoteWebDriver.java:552)
	at org.openqa.selenium.remote.RemoteWebDriver.perform(RemoteWebDriver.java:618)
	at org.openqa.selenium.interactions.Actions$BuiltAction.perform(Actions.java:639)
	at object.Logins.popupButtonLogin(Logins.java:51)
	at testcases.Login.loginByQrCode(Login.java:206)
	at test.Test_Login.login_successByQrCode(Test_Login.java:95)
	at java.util.concurrent.ThreadPoolExecutor.runWorker(Unknown Source)
	at java.util.concurrent.ThreadPoolExecutor$Worker.run(Unknown Source)
	at java.lang.Thread.run(Unknown Source)
	Suppressed: org.openqa.selenium.json.JsonException: Attempting to close incomplete json stream
Build info: version: &apos;3.141.59&apos;, revision: &apos;e82be7d358&apos;, time: &apos;2018-11-14T08:17:03&apos;
System info: host: &apos;MNCTVN05589&apos;, ip: &apos;192.168.43.28&apos;, os.name: &apos;Windows 10&apos;, os.arch: &apos;amd64&apos;, os.version: &apos;10.0&apos;, java.version: &apos;1.8.0_221&apos;
Driver info: driver.version: RemoteWebDriver
		at org.openqa.selenium.json.JsonOutput.close(JsonOutput.java:279)
		at org.openqa.selenium.json.Json.toJson(Json.java:44)
		... 22 more
	at org.openqa.selenium.json.JsonOutput.convertUsingMethod(JsonOutput.java:328)
	... 34 more
Caused by: org.openqa.selenium.NoSuchElementException: no such element: Unable to locate element: {&quot;method&quot;:&quot;xpath&quot;,&quot;selector&quot;:&quot;//button[contains(text(),&apos;Sign In&apos;)]&quot;}
  (Session info: chrome=83.0.4103.61)
For documentation on this error, please visit: https://www.seleniumhq.org/exceptions/no_such_element.html
Build info: version: &apos;3.141.59&apos;, revision: &apos;e82be7d358&apos;, time: &apos;2018-11-14T08:17:03&apos;
System info: host: &apos;MNCTVN05589&apos;, ip: &apos;192.168.43.28&apos;, os.name: &apos;Windows 10&apos;, os.arch: &apos;amd64&apos;, os.version: &apos;10.0&apos;, java.version: &apos;1.8.0_221&apos;
Driver info: org.openqa.selenium.remote.RemoteWebDriver
Capabilities {acceptInsecureCerts: false, browserName: chrome, browserVersion: 83.0.4103.61, chrome: {chromedriverVersion: 83.0.4103.39 (ccbf011cb2d2b..., userDataDir: /tmp/.com.google.Chrome.XhX6c2}, goog:chromeOptions: {debuggerAddress: localhost:33905}, javascriptEnabled: true, networkConnectionEnabled: false, pageLoadStrategy: normal, platform: LINUX, platformName: LINUX, proxy: Proxy(), setWindowRect: true, strictFileInteractability: false, timeouts: {implicit: 0, pageLoad: 300000, script: 30000}, unhandledPromptBehavior: dismiss and notify, webauthn:virtualAuthenticators: true, webdriver.remote.sessionid: 200616d98dd0bf55e82acab6a9b...}
Session ID: 200616d98dd0bf55e82acab6a9b113af
*** Element info: {Using=xpath, value=//button[contains(text(),&apos;Sign In&apos;)]}
	at org.openqa.selenium.remote.http.W3CHttpResponseCodec.createException(W3CHttpResponseCodec.java:187)
	at org.openqa.selenium.remote.http.W3CHttpResponseCodec.decode(W3CHttpResponseCodec.java:122)
	at org.openqa.selenium.remote.http.W3CHttpResponseCodec.decode(W3CHttpResponseCodec.java:49)
	at org.openqa.selenium.remote.HttpCommandExecutor.execute(HttpCommandExecutor.java:158)
	at org.openqa.selenium.remote.RemoteWebDriver.execute(RemoteWebDriver.java:552)
	at org.openqa.selenium.remote.RemoteWebDriver.findElement(RemoteWebDriver.java:323)
	at org.openqa.selenium.remote.RemoteWebDriver.findElementByXPath(RemoteWebDriver.java:428)
	at org.openqa.selenium.By$ByXPath.findElement(By.java:353)
	at org.openqa.selenium.remote.RemoteWebDriver.findElement(RemoteWebDriver.java:315)
	at org.openqa.selenium.support.pagefactory.DefaultElementLocator.findElement(DefaultElementLocator.java:69)
	at org.openqa.selenium.support.pagefactory.internal.LocatingElementHandler.invoke(LocatingElementHandler.java:38)
	at com.sun.proxy.$Proxy7.getWrappedElement(Unknown Source)
	at org.openqa.selenium.interactions.PointerInput$Origin.asArg(PointerInput.java:204)
	at org.openqa.selenium.interactions.PointerInput$Move.encode(PointerInput.java:155)
	at org.openqa.selenium.interactions.Sequence.encode(Sequence.java:75)
	at org.openqa.selenium.interactions.Sequence.toJson(Sequence.java:84)
	... 38 more
... Removed 18 stack frames
</div> <!-- stack-trace -->
                </div> <!-- method-content -->
              </div> <!-- method -->
            </div> <!-- main-panel-content rounded-window-bottom -->
          </div> <!-- suite-Suite-class-failed -->
          <div class="suite-Suite-class-failed">
            <div class="main-panel-header rounded-window-top">
              <img src="failed.png"/>
              <span class="class-name">test.Test_Chat</span>
            </div> <!-- main-panel-header rounded-window-top -->
            <div class="main-panel-content rounded-window-bottom">
              <div class="method">
                <div class="method-content">
                  <a name="chat_beforeLoginGTV">
                  </a> <!-- chat_beforeLoginGTV -->
                  <span class="method-name">chat_beforeLoginGTV</span>
                  <div class="stack-trace">java.lang.AssertionError: expected [dikakoko] but found [dikakokodikakoko]
	at object.Chats.validateUsername(Chats.java:84)
	at testcases.Chat.chatGtv(Chat.java:66)
	at test.Test_Chat.chat_beforeLoginGTV(Test_Chat.java:32)
	at java.util.concurrent.ThreadPoolExecutor.runWorker(Unknown Source)
	at java.util.concurrent.ThreadPoolExecutor$Worker.run(Unknown Source)
	at java.lang.Thread.run(Unknown Source)
... Removed 16 stack frames
</div> <!-- stack-trace -->
                </div> <!-- method-content -->
              </div> <!-- method -->
              <div class="method">
                <div class="method-content">
                  <a name="chat_beforeLoginINEWS">
                  </a> <!-- chat_beforeLoginINEWS -->
                  <span class="method-name">chat_beforeLoginINEWS</span>
                  <div class="stack-trace">java.lang.AssertionError: expected [dikakoko] but found [dikakokodikakoko]
	at object.Chats.validateUsername(Chats.java:84)
	at testcases.Chat.chatInews(Chat.java:84)
	at test.Test_Chat.chat_beforeLoginINEWS(Test_Chat.java:40)
	at java.util.concurrent.ThreadPoolExecutor.runWorker(Unknown Source)
	at java.util.concurrent.ThreadPoolExecutor$Worker.run(Unknown Source)
	at java.lang.Thread.run(Unknown Source)
... Removed 16 stack frames
</div> <!-- stack-trace -->
                </div> <!-- method-content -->
              </div> <!-- method -->
              <div class="method">
                <div class="method-content">
                  <a name="chat_beforeLoginMNCTV">
                  </a> <!-- chat_beforeLoginMNCTV -->
                  <span class="method-name">chat_beforeLoginMNCTV</span>
                  <div class="stack-trace">java.lang.AssertionError: expected [dikakoko] but found [dikakokodikakoko]
	at object.Chats.validateUsername(Chats.java:84)
	at testcases.Chat.chatMnctv(Chat.java:48)
	at test.Test_Chat.chat_beforeLoginMNCTV(Test_Chat.java:24)
	at java.util.concurrent.ThreadPoolExecutor.runWorker(Unknown Source)
	at java.util.concurrent.ThreadPoolExecutor$Worker.run(Unknown Source)
	at java.lang.Thread.run(Unknown Source)
... Removed 16 stack frames
</div> <!-- stack-trace -->
                </div> <!-- method-content -->
              </div> <!-- method -->
              <div class="method">
                <div class="method-content">
                  <a name="chat_beforeLoginRCTI">
                  </a> <!-- chat_beforeLoginRCTI -->
                  <span class="method-name">chat_beforeLoginRCTI</span>
                  <div class="stack-trace">java.lang.AssertionError: expected [dikakoko] but found [dikakokodikakoko]
	at object.Chats.validateUsername(Chats.java:84)
	at testcases.Chat.chatRcti(Chat.java:30)
	at test.Test_Chat.chat_beforeLoginRCTI(Test_Chat.java:16)
	at java.util.concurrent.ThreadPoolExecutor.runWorker(Unknown Source)
	at java.util.concurrent.ThreadPoolExecutor$Worker.run(Unknown Source)
	at java.lang.Thread.run(Unknown Source)
... Removed 16 stack frames
</div> <!-- stack-trace -->
                </div> <!-- method-content -->
              </div> <!-- method -->
            </div> <!-- main-panel-content rounded-window-bottom -->
          </div> <!-- suite-Suite-class-failed -->
          <div class="suite-Suite-class-passed">
            <div class="main-panel-header rounded-window-top">
              <img src="passed.png"/>
              <span class="class-name">test.Test_Login</span>
            </div> <!-- main-panel-header rounded-window-top -->
            <div class="main-panel-content rounded-window-bottom">
              <div class="method">
                <div class="method-content">
                  <a name="login_invalidEmail">
                  </a> <!-- login_invalidEmail -->
                  <span class="method-name">login_invalidEmail</span>
                </div> <!-- method-content -->
              </div> <!-- method -->
              <div class="method">
                <div class="method-content">
                  <a name="login_invalidPassword">
                  </a> <!-- login_invalidPassword -->
                  <span class="method-name">login_invalidPassword</span>
                </div> <!-- method-content -->
              </div> <!-- method -->
              <div class="method">
                <div class="method-content">
                  <a name="login_invalidPhone">
                  </a> <!-- login_invalidPhone -->
                  <span class="method-name">login_invalidPhone</span>
                </div> <!-- method-content -->
              </div> <!-- method -->
              <div class="method">
                <div class="method-content">
                  <a name="login_notRegisteredEmail">
                  </a> <!-- login_notRegisteredEmail -->
                  <span class="method-name">login_notRegisteredEmail</span>
                </div> <!-- method-content -->
              </div> <!-- method -->
              <div class="method">
                <div class="method-content">
                  <a name="login_notRegisteredPhone">
                  </a> <!-- login_notRegisteredPhone -->
                  <span class="method-name">login_notRegisteredPhone</span>
                </div> <!-- method-content -->
              </div> <!-- method -->
              <div class="method">
                <div class="method-content">
                  <a name="login_success">
                  </a> <!-- login_success -->
                  <span class="method-name">login_success</span>
                </div> <!-- method-content -->
              </div> <!-- method -->
              <div class="method">
                <div class="method-content">
                  <a name="login_successByContinueWatching">
                  </a> <!-- login_successByContinueWatching -->
                  <span class="method-name">login_successByContinueWatching</span>
                </div> <!-- method-content -->
              </div> <!-- method -->
              <div class="method">
                <div class="method-content">
                  <a name="login_successByHistory">
                  </a> <!-- login_successByHistory -->
                  <span class="method-name">login_successByHistory</span>
                </div> <!-- method-content -->
              </div> <!-- method -->
              <div class="method">
                <div class="method-content">
                  <a name="login_successByMyList">
                  </a> <!-- login_successByMyList -->
                  <span class="method-name">login_successByMyList</span>
                </div> <!-- method-content -->
              </div> <!-- method -->
            </div> <!-- main-panel-content rounded-window-bottom -->
          </div> <!-- suite-Suite-class-passed -->
          <div class="suite-Suite-class-passed">
            <div class="main-panel-header rounded-window-top">
              <img src="passed.png"/>
              <span class="class-name">test.Test_Register</span>
            </div> <!-- main-panel-header rounded-window-top -->
            <div class="main-panel-content rounded-window-bottom">
              <div class="method">
                <div class="method-content">
                  <a name="register_invalidEmail">
                  </a> <!-- register_invalidEmail -->
                  <span class="method-name">register_invalidEmail</span>
                </div> <!-- method-content -->
              </div> <!-- method -->
              <div class="method">
                <div class="method-content">
                  <a name="register_invalidPasswordNotMatch">
                  </a> <!-- register_invalidPasswordNotMatch -->
                  <span class="method-name">register_invalidPasswordNotMatch</span>
                </div> <!-- method-content -->
              </div> <!-- method -->
              <div class="method">
                <div class="method-content">
                  <a name="register_invalidPasswordNumChar">
                  </a> <!-- register_invalidPasswordNumChar -->
                  <span class="method-name">register_invalidPasswordNumChar</span>
                </div> <!-- method-content -->
              </div> <!-- method -->
              <div class="method">
                <div class="method-content">
                  <a name="register_maxCharFullname">
                  </a> <!-- register_maxCharFullname -->
                  <span class="method-name">register_maxCharFullname</span>
                </div> <!-- method-content -->
              </div> <!-- method -->
              <div class="method">
                <div class="method-content">
                  <a name="register_validateGender">
                  </a> <!-- register_validateGender -->
                  <span class="method-name">register_validateGender</span>
                </div> <!-- method-content -->
              </div> <!-- method -->
            </div> <!-- main-panel-content rounded-window-bottom -->
          </div> <!-- suite-Suite-class-passed -->
          <div class="suite-Suite-class-passed">
            <div class="main-panel-header rounded-window-top">
              <img src="passed.png"/>
              <span class="class-name">test.Test_ForgetPassword</span>
            </div> <!-- main-panel-header rounded-window-top -->
            <div class="main-panel-content rounded-window-bottom">
              <div class="method">
                <div class="method-content">
                  <a name="forgetpassword_emailNotRegistered">
                  </a> <!-- forgetpassword_emailNotRegistered -->
                  <span class="method-name">forgetpassword_emailNotRegistered</span>
                </div> <!-- method-content -->
              </div> <!-- method -->
              <div class="method">
                <div class="method-content">
                  <a name="forgetpassword_invalidEmail">
                  </a> <!-- forgetpassword_invalidEmail -->
                  <span class="method-name">forgetpassword_invalidEmail</span>
                </div> <!-- method-content -->
              </div> <!-- method -->
              <div class="method">
                <div class="method-content">
                  <a name="forgetpassword_invalidPhone">
                  </a> <!-- forgetpassword_invalidPhone -->
                  <span class="method-name">forgetpassword_invalidPhone</span>
                </div> <!-- method-content -->
              </div> <!-- method -->
              <div class="method">
                <div class="method-content">
                  <a name="forgetpassword_phoneNotRegistered">
                  </a> <!-- forgetpassword_phoneNotRegistered -->
                  <span class="method-name">forgetpassword_phoneNotRegistered</span>
                </div> <!-- method-content -->
              </div> <!-- method -->
            </div> <!-- main-panel-content rounded-window-bottom -->
          </div> <!-- suite-Suite-class-passed -->
        </div> <!-- panel Suite -->
        <div panel-name="test-xml-Suite" class="panel">
          <div class="main-panel-header rounded-window-top">
            <span class="header-content">D:\selenium\testng.xml</span>
          </div> <!-- main-panel-header rounded-window-top -->
          <div class="main-panel-content rounded-window-bottom">
            <pre>
&lt;?xml version=&quot;1.0&quot; encoding=&quot;UTF-8&quot;?&gt;
&lt;!DOCTYPE suite SYSTEM &quot;http://testng.org/testng-1.0.dtd&quot;&gt;
&lt;suite guice-stage=&quot;DEVELOPMENT&quot; verbose=&quot;0&quot; name=&quot;Suite&quot; parallel=&quot;classes&quot;&gt;
  &lt;test thread-count=&quot;5&quot; name=&quot;Test&quot;&gt;
    &lt;classes&gt;
      &lt;class name=&quot;test.Test_Chat&quot;/&gt;
      &lt;class name=&quot;test.Test_Register&quot;/&gt;
      &lt;class name=&quot;test.Test_Mylist&quot;/&gt;
      &lt;class name=&quot;test.Test_ForgetPassword&quot;/&gt;
      &lt;class name=&quot;test.Test_Login&quot;/&gt;
    &lt;/classes&gt;
  &lt;/test&gt; &lt;!-- Test --&gt;
  &lt;test name=&quot;Test(failed)&quot; parallel=&quot;classes&quot;&gt;
    &lt;classes&gt;
      &lt;class name=&quot;test.Test_Mylist&quot;&gt;
        &lt;methods&gt;
          &lt;include name=&quot;mylist_addByAccountLogin&quot;/&gt;
          &lt;include name=&quot;done&quot;/&gt;
          &lt;include name=&quot;set&quot;/&gt;
        &lt;/methods&gt;
      &lt;/class&gt; &lt;!-- test.Test_Mylist --&gt;
      &lt;class name=&quot;test.Test_Login&quot;&gt;
        &lt;methods&gt;
          &lt;include name=&quot;login_successByAccount&quot;/&gt;
          &lt;include name=&quot;done&quot;/&gt;
          &lt;include name=&quot;set&quot;/&gt;
          &lt;include name=&quot;login_successByQrCode&quot;/&gt;
        &lt;/methods&gt;
      &lt;/class&gt; &lt;!-- test.Test_Login --&gt;
      &lt;class name=&quot;test.Test_Register&quot;&gt;
        &lt;methods&gt;
          &lt;include name=&quot;done&quot;/&gt;
          &lt;include name=&quot;set&quot;/&gt;
        &lt;/methods&gt;
      &lt;/class&gt; &lt;!-- test.Test_Register --&gt;
      &lt;class name=&quot;test.Test_ForgetPassword&quot;&gt;
        &lt;methods&gt;
          &lt;include name=&quot;done&quot;/&gt;
          &lt;include name=&quot;set&quot;/&gt;
        &lt;/methods&gt;
      &lt;/class&gt; &lt;!-- test.Test_ForgetPassword --&gt;
      &lt;class name=&quot;test.Test_Chat&quot;&gt;
        &lt;methods&gt;
          &lt;include name=&quot;chat_beforeLoginINEWS&quot;/&gt;
          &lt;include name=&quot;chat_beforeLoginMNCTV&quot;/&gt;
          &lt;include name=&quot;chat_beforeLoginGTV&quot;/&gt;
          &lt;include name=&quot;chat_beforeLoginRCTI&quot;/&gt;
          &lt;include name=&quot;done&quot;/&gt;
          &lt;include name=&quot;set&quot;/&gt;
        &lt;/methods&gt;
      &lt;/class&gt; &lt;!-- test.Test_Chat --&gt;
    &lt;/classes&gt;
  &lt;/test&gt; &lt;!-- Test(failed) --&gt;
&lt;/suite&gt; &lt;!-- Suite --&gt;
            </pre>
          </div> <!-- main-panel-content rounded-window-bottom -->
        </div> <!-- panel -->
        <div panel-name="testlist-Suite" class="panel">
          <div class="main-panel-header rounded-window-top">
            <span class="header-content">Tests for Suite</span>
          </div> <!-- main-panel-header rounded-window-top -->
          <div class="main-panel-content rounded-window-bottom">
            <ul>
              <li>
                <span class="test-name">Test (5 classes)</span>
              </li>
              <li>
                <span class="test-name">Test(failed) (5 classes)</span>
              </li>
            </ul>
          </div> <!-- main-panel-content rounded-window-bottom -->
        </div> <!-- panel -->
        <div panel-name="group-Suite" class="panel">
          <div class="main-panel-header rounded-window-top">
            <span class="header-content">Groups for Suite</span>
          </div> <!-- main-panel-header rounded-window-top -->
          <div class="main-panel-content rounded-window-bottom">
          </div> <!-- main-panel-content rounded-window-bottom -->
        </div> <!-- panel -->
        <div panel-name="times-Suite" class="panel">
          <div class="main-panel-header rounded-window-top">
            <span class="header-content">Times for Suite</span>
          </div> <!-- main-panel-header rounded-window-top -->
          <div class="main-panel-content rounded-window-bottom">
            <div class="times-div">
              <script type="text/javascript">
suiteTableInitFunctions.push('tableData_Suite');
function tableData_Suite() {
var data = new google.visualization.DataTable();
data.addColumn('number', 'Number');
data.addColumn('string', 'Method');
data.addColumn('string', 'Class');
data.addColumn('number', 'Time (ms)');
data.addRows(25);
data.setCell(0, 0, 0)
data.setCell(0, 1, 'login_successByAccount')
data.setCell(0, 2, 'test.Test_Login')
data.setCell(0, 3, 117639);
data.setCell(1, 0, 1)
data.setCell(1, 1, 'login_successByQrCode')
data.setCell(1, 2, 'test.Test_Login')
data.setCell(1, 3, 109334);
data.setCell(2, 0, 2)
data.setCell(2, 1, 'register_validateGender')
data.setCell(2, 2, 'test.Test_Register')
data.setCell(2, 3, 87707);
data.setCell(3, 0, 3)
data.setCell(3, 1, 'mylist_addByAccountLogin')
data.setCell(3, 2, 'test.Test_Mylist')
data.setCell(3, 3, 69095);
data.setCell(4, 0, 4)
data.setCell(4, 1, 'chat_beforeLoginRCTI')
data.setCell(4, 2, 'test.Test_Chat')
data.setCell(4, 3, 64049);
data.setCell(5, 0, 5)
data.setCell(5, 1, 'chat_beforeLoginINEWS')
data.setCell(5, 2, 'test.Test_Chat')
data.setCell(5, 3, 63103);
data.setCell(6, 0, 6)
data.setCell(6, 1, 'chat_beforeLoginMNCTV')
data.setCell(6, 2, 'test.Test_Chat')
data.setCell(6, 3, 59890);
data.setCell(7, 0, 7)
data.setCell(7, 1, 'chat_beforeLoginGTV')
data.setCell(7, 2, 'test.Test_Chat')
data.setCell(7, 3, 50571);
data.setCell(8, 0, 8)
data.setCell(8, 1, 'login_success')
data.setCell(8, 2, 'test.Test_Login')
data.setCell(8, 3, 50400);
data.setCell(9, 0, 9)
data.setCell(9, 1, 'login_invalidEmail')
data.setCell(9, 2, 'test.Test_Login')
data.setCell(9, 3, 45472);
data.setCell(10, 0, 10)
data.setCell(10, 1, 'login_successByMyList')
data.setCell(10, 2, 'test.Test_Login')
data.setCell(10, 3, 43539);
data.setCell(11, 0, 11)
data.setCell(11, 1, 'forgetpassword_invalidEmail')
data.setCell(11, 2, 'test.Test_ForgetPassword')
data.setCell(11, 3, 41455);
data.setCell(12, 0, 12)
data.setCell(12, 1, 'login_successByContinueWatching')
data.setCell(12, 2, 'test.Test_Login')
data.setCell(12, 3, 40960);
data.setCell(13, 0, 13)
data.setCell(13, 1, 'login_successByHistory')
data.setCell(13, 2, 'test.Test_Login')
data.setCell(13, 3, 40464);
data.setCell(14, 0, 14)
data.setCell(14, 1, 'register_invalidEmail')
data.setCell(14, 2, 'test.Test_Register')
data.setCell(14, 3, 38044);
data.setCell(15, 0, 15)
data.setCell(15, 1, 'login_invalidPassword')
data.setCell(15, 2, 'test.Test_Login')
data.setCell(15, 3, 37991);
data.setCell(16, 0, 16)
data.setCell(16, 1, 'register_invalidPasswordNotMatch')
data.setCell(16, 2, 'test.Test_Register')
data.setCell(16, 3, 35490);
data.setCell(17, 0, 17)
data.setCell(17, 1, 'forgetpassword_invalidPhone')
data.setCell(17, 2, 'test.Test_ForgetPassword')
data.setCell(17, 3, 35227);
data.setCell(18, 0, 18)
data.setCell(18, 1, 'login_invalidPhone')
data.setCell(18, 2, 'test.Test_Login')
data.setCell(18, 3, 31829);
data.setCell(19, 0, 19)
data.setCell(19, 1, 'login_notRegisteredEmail')
data.setCell(19, 2, 'test.Test_Login')
data.setCell(19, 3, 30107);
data.setCell(20, 0, 20)
data.setCell(20, 1, 'register_invalidPasswordNumChar')
data.setCell(20, 2, 'test.Test_Register')
data.setCell(20, 3, 29018);
data.setCell(21, 0, 21)
data.setCell(21, 1, 'login_notRegisteredPhone')
data.setCell(21, 2, 'test.Test_Login')
data.setCell(21, 3, 28414);
data.setCell(22, 0, 22)
data.setCell(22, 1, 'forgetpassword_phoneNotRegistered')
data.setCell(22, 2, 'test.Test_ForgetPassword')
data.setCell(22, 3, 25375);
data.setCell(23, 0, 23)
data.setCell(23, 1, 'register_maxCharFullname')
data.setCell(23, 2, 'test.Test_Register')
data.setCell(23, 3, 25079);
data.setCell(24, 0, 24)
data.setCell(24, 1, 'forgetpassword_emailNotRegistered')
data.setCell(24, 2, 'test.Test_ForgetPassword')
data.setCell(24, 3, 24798);
window.suiteTableData['Suite']= { tableData: data, tableDiv: 'times-div-Suite'}
return data;
}
              </script>
              <span class="suite-total-time">Total running time: 20 minutes</span>
              <div id="times-div-Suite">
              </div> <!-- times-div-Suite -->
            </div> <!-- times-div -->
          </div> <!-- main-panel-content rounded-window-bottom -->
        </div> <!-- panel -->
        <div panel-name="reporter-Suite" class="panel">
          <div class="main-panel-header rounded-window-top">
            <span class="header-content">Reporter output for Suite</span>
          </div> <!-- main-panel-header rounded-window-top -->
          <div class="main-panel-content rounded-window-bottom">
          </div> <!-- main-panel-content rounded-window-bottom -->
        </div> <!-- panel -->
        <div panel-name="ignored-methods-Suite" class="panel">
          <div class="main-panel-header rounded-window-top">
            <span class="header-content">0 ignored methods</span>
          </div> <!-- main-panel-header rounded-window-top -->
          <div class="main-panel-content rounded-window-bottom">
          </div> <!-- main-panel-content rounded-window-bottom -->
        </div> <!-- panel -->
        <div panel-name="chronological-Suite" class="panel">
          <div class="main-panel-header rounded-window-top">
            <span class="header-content">Methods in chronological order</span>
          </div> <!-- main-panel-header rounded-window-top -->
          <div class="main-panel-content rounded-window-bottom">
            <div class="chronological-class">
              <div class="chronological-class-name">test.Test_Mylist</div> <!-- chronological-class-name -->
              <div class="configuration-method before">
                <span class="method-name">set</span>
                <span class="method-start">0 ms</span>
              </div> <!-- configuration-method before -->
            </div> <!-- chronological-class -->
            <div class="chronological-class">
              <div class="chronological-class-name">test.Test_Register</div> <!-- chronological-class-name -->
              <div class="configuration-method before">
                <span class="method-name">set</span>
                <span class="method-start">0 ms</span>
              </div> <!-- configuration-method before -->
            </div> <!-- chronological-class -->
            <div class="chronological-class">
              <div class="chronological-class-name">test.Test_ForgetPassword</div> <!-- chronological-class-name -->
              <div class="configuration-method before">
                <span class="method-name">set</span>
                <span class="method-start">0 ms</span>
              </div> <!-- configuration-method before -->
            </div> <!-- chronological-class -->
            <div class="chronological-class">
              <div class="chronological-class-name">test.Test_Chat</div> <!-- chronological-class-name -->
              <div class="configuration-method before">
                <span class="method-name">set</span>
                <span class="method-start">0 ms</span>
              </div> <!-- configuration-method before -->
            </div> <!-- chronological-class -->
            <div class="chronological-class">
              <div class="chronological-class-name">test.Test_Login</div> <!-- chronological-class-name -->
              <div class="configuration-method before">
                <span class="method-name">set</span>
                <span class="method-start">0 ms</span>
              </div> <!-- configuration-method before -->
            </div> <!-- chronological-class -->
            <div class="chronological-class">
              <div class="chronological-class-name">test.Test_ForgetPassword</div> <!-- chronological-class-name -->
              <div class="test-method">
                <span class="method-name">forgetpassword_invalidEmail</span>
                <span class="method-start">9890 ms</span>
              </div> <!-- test-method -->
            </div> <!-- chronological-class -->
            <div class="chronological-class">
              <div class="chronological-class-name">test.Test_Mylist</div> <!-- chronological-class-name -->
              <div class="test-method">
                <img src="failed.png">
                </img>
                <span class="method-name">mylist_addByAccountLogin</span>
                <span class="method-start">9941 ms</span>
              </div> <!-- test-method -->
            </div> <!-- chronological-class -->
            <div class="chronological-class">
              <div class="chronological-class-name">test.Test_Chat</div> <!-- chronological-class-name -->
              <div class="test-method">
                <img src="failed.png">
                </img>
                <span class="method-name">chat_beforeLoginRCTI</span>
                <span class="method-start">10107 ms</span>
              </div> <!-- test-method -->
            </div> <!-- chronological-class -->
            <div class="chronological-class">
              <div class="chronological-class-name">test.Test_Register</div> <!-- chronological-class-name -->
              <div class="test-method">
                <span class="method-name">register_invalidEmail</span>
                <span class="method-start">10115 ms</span>
              </div> <!-- test-method -->
              <div class="configuration-method after">
                <span class="method-name">done([TestResult name="" status=SUCCESS method=Test_Register.register_invalidEmail()[pri:0, instance:test...)</span>
                <span class="method-start">48159 ms</span>
              </div> <!-- configuration-method after -->
              <div class="configuration-method before">
                <span class="method-name">set</span>
                <span class="method-start">48418 ms</span>
              </div> <!-- configuration-method before -->
            </div> <!-- chronological-class -->
            <div class="chronological-class">
              <div class="chronological-class-name">test.Test_ForgetPassword</div> <!-- chronological-class-name -->
              <div class="configuration-method after">
                <span class="method-name">done([TestResult name="" status=SUCCESS method=Test_ForgetPassword.forgetpassword_invalidEmail()[pri:0, i...)</span>
                <span class="method-start">51345 ms</span>
              </div> <!-- configuration-method after -->
              <div class="configuration-method before">
                <span class="method-name">set</span>
                <span class="method-start">51579 ms</span>
              </div> <!-- configuration-method before -->
            </div> <!-- chronological-class -->
            <div class="chronological-class">
              <div class="chronological-class-name">test.Test_Chat</div> <!-- chronological-class-name -->
              <div class="configuration-method after">
                <span class="method-name">done([TestResult name="" status=FAILURE method=Test_Chat.chat_beforeLoginRCTI()[pri:0, instance:test.Test...)</span>
                <span class="method-start">74228 ms</span>
              </div> <!-- configuration-method after -->
              <div class="configuration-method before">
                <span class="method-name">set</span>
                <span class="method-start">76308 ms</span>
              </div> <!-- configuration-method before -->
            </div> <!-- chronological-class -->
            <div class="chronological-class">
              <div class="chronological-class-name">test.Test_Mylist</div> <!-- chronological-class-name -->
              <div class="configuration-method after">
                <span class="method-name">done([TestResult name="" status=FAILURE method=Test_Mylist.mylist_addByAccountLogin()[pri:0, instance:tes...)</span>
                <span class="method-start">79036 ms</span>
              </div> <!-- configuration-method after -->
            </div> <!-- chronological-class -->
            <div class="chronological-class">
              <div class="chronological-class-name">test.Test_Register</div> <!-- chronological-class-name -->
              <div class="test-method">
                <span class="method-name">register_invalidPasswordNotMatch</span>
                <span class="method-start">85170 ms</span>
              </div> <!-- test-method -->
            </div> <!-- chronological-class -->
            <div class="chronological-class">
              <div class="chronological-class-name">test.Test_Login</div> <!-- chronological-class-name -->
              <div class="test-method">
                <span class="method-name">login_invalidEmail</span>
                <span class="method-start">85176 ms</span>
              </div> <!-- test-method -->
            </div> <!-- chronological-class -->
            <div class="chronological-class">
              <div class="chronological-class-name">test.Test_ForgetPassword</div> <!-- chronological-class-name -->
              <div class="test-method">
                <span class="method-name">forgetpassword_invalidPhone</span>
                <span class="method-start">85176 ms</span>
              </div> <!-- test-method -->
            </div> <!-- chronological-class -->
            <div class="chronological-class">
              <div class="chronological-class-name">test.Test_Chat</div> <!-- chronological-class-name -->
              <div class="test-method">
                <img src="failed.png">
                </img>
                <span class="method-name">chat_beforeLoginMNCTV</span>
                <span class="method-start">85211 ms</span>
              </div> <!-- test-method -->
            </div> <!-- chronological-class -->
            <div class="chronological-class">
              <div class="chronological-class-name">test.Test_ForgetPassword</div> <!-- chronological-class-name -->
              <div class="configuration-method after">
                <span class="method-name">done([TestResult name="" status=SUCCESS method=Test_ForgetPassword.forgetpassword_invalidPhone()[pri:1, i...)</span>
                <span class="method-start">120403 ms</span>
              </div> <!-- configuration-method after -->
              <div class="configuration-method before">
                <span class="method-name">set</span>
                <span class="method-start">120655 ms</span>
              </div> <!-- configuration-method before -->
            </div> <!-- chronological-class -->
            <div class="chronological-class">
              <div class="chronological-class-name">test.Test_Register</div> <!-- chronological-class-name -->
              <div class="configuration-method after">
                <span class="method-name">done([TestResult name="" status=SUCCESS method=Test_Register.register_invalidPasswordNotMatch()[pri:0, in...)</span>
                <span class="method-start">120660 ms</span>
              </div> <!-- configuration-method after -->
              <div class="configuration-method before">
                <span class="method-name">set</span>
                <span class="method-start">120940 ms</span>
              </div> <!-- configuration-method before -->
            </div> <!-- chronological-class -->
            <div class="chronological-class">
              <div class="chronological-class-name">test.Test_Login</div> <!-- chronological-class-name -->
              <div class="configuration-method after">
                <span class="method-name">done([TestResult name="" status=SUCCESS method=Test_Login.login_invalidEmail()[pri:0, instance:test.Test_...)</span>
                <span class="method-start">130648 ms</span>
              </div> <!-- configuration-method after -->
              <div class="configuration-method before">
                <span class="method-name">set</span>
                <span class="method-start">130786 ms</span>
              </div> <!-- configuration-method before -->
            </div> <!-- chronological-class -->
            <div class="chronological-class">
              <div class="chronological-class-name">test.Test_ForgetPassword</div> <!-- chronological-class-name -->
              <div class="test-method">
                <span class="method-name">forgetpassword_emailNotRegistered</span>
                <span class="method-start">138202 ms</span>
              </div> <!-- test-method -->
            </div> <!-- chronological-class -->
            <div class="chronological-class">
              <div class="chronological-class-name">test.Test_Login</div> <!-- chronological-class-name -->
              <div class="test-method">
                <span class="method-name">login_invalidPassword</span>
                <span class="method-start">138209 ms</span>
              </div> <!-- test-method -->
            </div> <!-- chronological-class -->
            <div class="chronological-class">
              <div class="chronological-class-name">test.Test_Register</div> <!-- chronological-class-name -->
              <div class="test-method">
                <span class="method-name">register_invalidPasswordNumChar</span>
                <span class="method-start">138209 ms</span>
              </div> <!-- test-method -->
            </div> <!-- chronological-class -->
            <div class="chronological-class">
              <div class="chronological-class-name">test.Test_Chat</div> <!-- chronological-class-name -->
              <div class="configuration-method after">
                <span class="method-name">done([TestResult name="" status=FAILURE method=Test_Chat.chat_beforeLoginMNCTV()[pri:1, instance:test.Tes...)</span>
                <span class="method-start">145102 ms</span>
              </div> <!-- configuration-method after -->
              <div class="configuration-method before">
                <span class="method-name">set</span>
                <span class="method-start">147806 ms</span>
              </div> <!-- configuration-method before -->
              <div class="test-method">
                <img src="failed.png">
                </img>
                <span class="method-name">chat_beforeLoginGTV</span>
                <span class="method-start">156882 ms</span>
              </div> <!-- test-method -->
            </div> <!-- chronological-class -->
            <div class="chronological-class">
              <div class="chronological-class-name">test.Test_ForgetPassword</div> <!-- chronological-class-name -->
              <div class="configuration-method after">
                <span class="method-name">done([TestResult name="" status=SUCCESS method=Test_ForgetPassword.forgetpassword_emailNotRegistered()[pr...)</span>
                <span class="method-start">163000 ms</span>
              </div> <!-- configuration-method after -->
              <div class="configuration-method before">
                <span class="method-name">set</span>
                <span class="method-start">163238 ms</span>
              </div> <!-- configuration-method before -->
            </div> <!-- chronological-class -->
            <div class="chronological-class">
              <div class="chronological-class-name">test.Test_Register</div> <!-- chronological-class-name -->
              <div class="configuration-method after">
                <span class="method-name">done([TestResult name="" status=SUCCESS method=Test_Register.register_invalidPasswordNumChar()[pri:0, ins...)</span>
                <span class="method-start">167227 ms</span>
              </div> <!-- configuration-method after -->
              <div class="configuration-method before">
                <span class="method-name">set</span>
                <span class="method-start">167315 ms</span>
              </div> <!-- configuration-method before -->
            </div> <!-- chronological-class -->
            <div class="chronological-class">
              <div class="chronological-class-name">test.Test_ForgetPassword</div> <!-- chronological-class-name -->
              <div class="test-method">
                <span class="method-name">forgetpassword_phoneNotRegistered</span>
                <span class="method-start">172868 ms</span>
              </div> <!-- test-method -->
            </div> <!-- chronological-class -->
            <div class="chronological-class">
              <div class="chronological-class-name">test.Test_Register</div> <!-- chronological-class-name -->
              <div class="test-method">
                <span class="method-name">register_maxCharFullname</span>
                <span class="method-start">172871 ms</span>
              </div> <!-- test-method -->
            </div> <!-- chronological-class -->
            <div class="chronological-class">
              <div class="chronological-class-name">test.Test_Login</div> <!-- chronological-class-name -->
              <div class="configuration-method after">
                <span class="method-name">done([TestResult name="" status=SUCCESS method=Test_Login.login_invalidPassword()[pri:1, instance:test.Te...)</span>
                <span class="method-start">176200 ms</span>
              </div> <!-- configuration-method after -->
              <div class="configuration-method before">
                <span class="method-name">set</span>
                <span class="method-start">176473 ms</span>
              </div> <!-- configuration-method before -->
              <div class="test-method">
                <span class="method-name">login_invalidPhone</span>
                <span class="method-start">179596 ms</span>
              </div> <!-- test-method -->
            </div> <!-- chronological-class -->
            <div class="chronological-class">
              <div class="chronological-class-name">test.Test_Register</div> <!-- chronological-class-name -->
              <div class="configuration-method after">
                <span class="method-name">done([TestResult name="" status=SUCCESS method=Test_Register.register_maxCharFullname()[pri:0, instance:t...)</span>
                <span class="method-start">197951 ms</span>
              </div> <!-- configuration-method after -->
              <div class="configuration-method before">
                <span class="method-name">set</span>
                <span class="method-start">198238 ms</span>
              </div> <!-- configuration-method before -->
            </div> <!-- chronological-class -->
            <div class="chronological-class">
              <div class="chronological-class-name">test.Test_ForgetPassword</div> <!-- chronological-class-name -->
              <div class="configuration-method after">
                <span class="method-name">done([TestResult name="" status=SUCCESS method=Test_ForgetPassword.forgetpassword_phoneNotRegistered()[pr...)</span>
                <span class="method-start">198243 ms</span>
              </div> <!-- configuration-method after -->
            </div> <!-- chronological-class -->
            <div class="chronological-class">
              <div class="chronological-class-name">test.Test_Chat</div> <!-- chronological-class-name -->
              <div class="configuration-method after">
                <span class="method-name">done([TestResult name="" status=FAILURE method=Test_Chat.chat_beforeLoginGTV()[pri:2, instance:test.Test_...)</span>
                <span class="method-start">207454 ms</span>
              </div> <!-- configuration-method after -->
              <div class="configuration-method before">
                <span class="method-name">set</span>
                <span class="method-start">208818 ms</span>
              </div> <!-- configuration-method before -->
            </div> <!-- chronological-class -->
            <div class="chronological-class">
              <div class="chronological-class-name">test.Test_Register</div> <!-- chronological-class-name -->
              <div class="test-method">
                <span class="method-name">register_validateGender</span>
                <span class="method-start">210184 ms</span>
              </div> <!-- test-method -->
            </div> <!-- chronological-class -->
            <div class="chronological-class">
              <div class="chronological-class-name">test.Test_Chat</div> <!-- chronological-class-name -->
              <div class="test-method">
                <img src="failed.png">
                </img>
                <span class="method-name">chat_beforeLoginINEWS</span>
                <span class="method-start">211240 ms</span>
              </div> <!-- test-method -->
            </div> <!-- chronological-class -->
            <div class="chronological-class">
              <div class="chronological-class-name">test.Test_Login</div> <!-- chronological-class-name -->
              <div class="configuration-method after">
                <span class="method-name">done([TestResult name="" status=SUCCESS method=Test_Login.login_invalidPhone()[pri:2, instance:test.Test_...)</span>
                <span class="method-start">211426 ms</span>
              </div> <!-- configuration-method after -->
              <div class="configuration-method before">
                <span class="method-name">set</span>
                <span class="method-start">211508 ms</span>
              </div> <!-- configuration-method before -->
              <div class="test-method">
                <span class="method-name">login_notRegisteredEmail</span>
                <span class="method-start">213900 ms</span>
              </div> <!-- test-method -->
              <div class="configuration-method after">
                <span class="method-name">done([TestResult name="" status=SUCCESS method=Test_Login.login_notRegisteredEmail()[pri:3, instance:test...)</span>
                <span class="method-start">244008 ms</span>
              </div> <!-- configuration-method after -->
              <div class="configuration-method before">
                <span class="method-name">set</span>
                <span class="method-start">244206 ms</span>
              </div> <!-- configuration-method before -->
              <div class="test-method">
                <span class="method-name">login_notRegisteredPhone</span>
                <span class="method-start">245955 ms</span>
              </div> <!-- test-method -->
            </div> <!-- chronological-class -->
            <div class="chronological-class">
              <div class="chronological-class-name">test.Test_Chat</div> <!-- chronological-class-name -->
              <div class="configuration-method after">
                <span class="method-name">done([TestResult name="" status=FAILURE method=Test_Chat.chat_beforeLoginINEWS()[pri:3, instance:test.Tes...)</span>
                <span class="method-start">274343 ms</span>
              </div> <!-- configuration-method after -->
            </div> <!-- chronological-class -->
            <div class="chronological-class">
              <div class="chronological-class-name">test.Test_Login</div> <!-- chronological-class-name -->
              <div class="configuration-method after">
                <span class="method-name">done([TestResult name="" status=SUCCESS method=Test_Login.login_notRegisteredPhone()[pri:4, instance:test...)</span>
                <span class="method-start">274369 ms</span>
              </div> <!-- configuration-method after -->
              <div class="configuration-method before">
                <span class="method-name">set</span>
                <span class="method-start">274500 ms</span>
              </div> <!-- configuration-method before -->
              <div class="test-method">
                <span class="method-name">login_success</span>
                <span class="method-start">277182 ms</span>
              </div> <!-- test-method -->
            </div> <!-- chronological-class -->
            <div class="chronological-class">
              <div class="chronological-class-name">test.Test_Register</div> <!-- chronological-class-name -->
              <div class="configuration-method after">
                <span class="method-name">done([TestResult name="" status=SUCCESS method=Test_Register.register_validateGender()[pri:0, instance:te...)</span>
                <span class="method-start">297892 ms</span>
              </div> <!-- configuration-method after -->
            </div> <!-- chronological-class -->
            <div class="chronological-class">
              <div class="chronological-class-name">test.Test_Login</div> <!-- chronological-class-name -->
              <div class="configuration-method after">
                <span class="method-name">done([TestResult name="" status=SUCCESS method=Test_Login.login_success()[pri:5, instance:test.Test_Login...)</span>
                <span class="method-start">327582 ms</span>
              </div> <!-- configuration-method after -->
              <div class="configuration-method before">
                <span class="method-name">set</span>
                <span class="method-start">327696 ms</span>
              </div> <!-- configuration-method before -->
              <div class="test-method">
                <img src="failed.png">
                </img>
                <span class="method-name">login_successByAccount</span>
                <span class="method-start">329583 ms</span>
              </div> <!-- test-method -->
              <div class="configuration-method after">
                <span class="method-name">done([TestResult name="" status=FAILURE method=Test_Login.login_successByAccount()[pri:5, instance:test.T...)</span>
                <span class="method-start">447223 ms</span>
              </div> <!-- configuration-method after -->
              <div class="configuration-method before">
                <span class="method-name">set</span>
                <span class="method-start">447669 ms</span>
              </div> <!-- configuration-method before -->
              <div class="test-method">
                <span class="method-name">login_successByContinueWatching</span>
                <span class="method-start">448860 ms</span>
              </div> <!-- test-method -->
              <div class="configuration-method after">
                <span class="method-name">done([TestResult name="" status=SUCCESS method=Test_Login.login_successByContinueWatching()[pri:5, instan...)</span>
                <span class="method-start">489820 ms</span>
              </div> <!-- configuration-method after -->
              <div class="configuration-method before">
                <span class="method-name">set</span>
                <span class="method-start">489897 ms</span>
              </div> <!-- configuration-method before -->
              <div class="test-method">
                <span class="method-name">login_successByHistory</span>
                <span class="method-start">491754 ms</span>
              </div> <!-- test-method -->
              <div class="configuration-method after">
                <span class="method-name">done([TestResult name="" status=SUCCESS method=Test_Login.login_successByHistory()[pri:5, instance:test.T...)</span>
                <span class="method-start">532218 ms</span>
              </div> <!-- configuration-method after -->
              <div class="configuration-method before">
                <span class="method-name">set</span>
                <span class="method-start">532294 ms</span>
              </div> <!-- configuration-method before -->
              <div class="test-method">
                <span class="method-name">login_successByMyList</span>
                <span class="method-start">533866 ms</span>
              </div> <!-- test-method -->
              <div class="configuration-method after">
                <span class="method-name">done([TestResult name="" status=SUCCESS method=Test_Login.login_successByMyList()[pri:5, instance:test.Te...)</span>
                <span class="method-start">577406 ms</span>
              </div> <!-- configuration-method after -->
              <div class="configuration-method before">
                <span class="method-name">set</span>
                <span class="method-start">577495 ms</span>
              </div> <!-- configuration-method before -->
              <div class="test-method">
                <img src="failed.png">
                </img>
                <span class="method-name">login_successByQrCode</span>
                <span class="method-start">578921 ms</span>
              </div> <!-- test-method -->
              <div class="configuration-method after">
                <span class="method-name">done([TestResult name="" status=FAILURE method=Test_Login.login_successByQrCode()[pri:5, instance:test.Te...)</span>
                <span class="method-start">688256 ms</span>
              </div> <!-- configuration-method after -->
          </div> <!-- main-panel-content rounded-window-bottom -->
        </div> <!-- panel -->
      </div> <!-- main-panel-root -->
    </div> <!-- wrapper -->
  </body>
</html>
