<?xml version="1.0" encoding="UTF-8"?>
<testng-results skipped="0" failed="0" total="4" passed="4">
  <reporter-output>
  </reporter-output>
  <suite name="Default suite" duration-ms="81122" started-at="2020-06-06T13:29:16Z" finished-at="2020-06-06T13:30:37Z">
    <groups>
    </groups>
    <test name="Default test" duration-ms="81122" started-at="2020-06-06T13:29:16Z" finished-at="2020-06-06T13:30:37Z">
      <class name="test.Test_ForgetPassword">
        <test-method status="PASS" signature="set()[pri:0, instance:test.Test_ForgetPassword@13deb50e]" test-instance-name="" name="set" is-config="true" duration-ms="2697" started-at="2020-06-06T20:29:16Z" finished-at="2020-06-06T20:29:19Z">
          <reporter-output>
          </reporter-output>
        </test-method> <!-- set -->
        <test-method status="PASS" signature="forgetpassword_invalidEmail()[pri:0, instance:test.Test_ForgetPassword@13deb50e]" test-instance-name="" name="forgetpassword_invalidEmail" duration-ms="18788" started-at="2020-06-06T20:29:19Z" finished-at="2020-06-06T20:29:38Z">
          <reporter-output>
          </reporter-output>
        </test-method> <!-- forgetpassword_invalidEmail -->
        <test-method status="PASS" signature="done()[pri:0, instance:test.Test_ForgetPassword@13deb50e]" test-instance-name="" name="done" is-config="true" duration-ms="75" started-at="2020-06-06T20:29:38Z" finished-at="2020-06-06T20:29:38Z">
          <reporter-output>
          </reporter-output>
        </test-method> <!-- done -->
        <test-method status="PASS" signature="set()[pri:0, instance:test.Test_ForgetPassword@13deb50e]" test-instance-name="" name="set" is-config="true" duration-ms="1654" started-at="2020-06-06T20:29:38Z" finished-at="2020-06-06T20:29:39Z">
          <reporter-output>
          </reporter-output>
        </test-method> <!-- set -->
        <test-method status="PASS" signature="forgetpassword_invalidPhone()[pri:1, instance:test.Test_ForgetPassword@13deb50e]" test-instance-name="" name="forgetpassword_invalidPhone" duration-ms="18483" started-at="2020-06-06T20:29:39Z" finished-at="2020-06-06T20:29:58Z">
          <reporter-output>
          </reporter-output>
        </test-method> <!-- forgetpassword_invalidPhone -->
        <test-method status="PASS" signature="done()[pri:0, instance:test.Test_ForgetPassword@13deb50e]" test-instance-name="" name="done" is-config="true" duration-ms="130" started-at="2020-06-06T20:29:58Z" finished-at="2020-06-06T20:29:58Z">
          <reporter-output>
          </reporter-output>
        </test-method> <!-- done -->
        <test-method status="PASS" signature="set()[pri:0, instance:test.Test_ForgetPassword@13deb50e]" test-instance-name="" name="set" is-config="true" duration-ms="1073" started-at="2020-06-06T20:29:58Z" finished-at="2020-06-06T20:29:59Z">
          <reporter-output>
          </reporter-output>
        </test-method> <!-- set -->
        <test-method status="PASS" signature="forgetpassword_emailNotRegistered()[pri:2, instance:test.Test_ForgetPassword@13deb50e]" test-instance-name="" name="forgetpassword_emailNotRegistered" duration-ms="18591" started-at="2020-06-06T20:29:59Z" finished-at="2020-06-06T20:30:18Z">
          <reporter-output>
          </reporter-output>
        </test-method> <!-- forgetpassword_emailNotRegistered -->
        <test-method status="PASS" signature="done()[pri:0, instance:test.Test_ForgetPassword@13deb50e]" test-instance-name="" name="done" is-config="true" duration-ms="73" started-at="2020-06-06T20:30:18Z" finished-at="2020-06-06T20:30:18Z">
          <reporter-output>
          </reporter-output>
        </test-method> <!-- done -->
        <test-method status="PASS" signature="set()[pri:0, instance:test.Test_ForgetPassword@13deb50e]" test-instance-name="" name="set" is-config="true" duration-ms="1129" started-at="2020-06-06T20:30:18Z" finished-at="2020-06-06T20:30:19Z">
          <reporter-output>
          </reporter-output>
        </test-method> <!-- set -->
        <test-method status="PASS" signature="forgetpassword_phoneNotRegistered()[pri:3, instance:test.Test_ForgetPassword@13deb50e]" test-instance-name="" name="forgetpassword_phoneNotRegistered" duration-ms="18330" started-at="2020-06-06T20:30:19Z" finished-at="2020-06-06T20:30:37Z">
          <reporter-output>
          </reporter-output>
        </test-method> <!-- forgetpassword_phoneNotRegistered -->
        <test-method status="PASS" signature="done()[pri:0, instance:test.Test_ForgetPassword@13deb50e]" test-instance-name="" name="done" is-config="true" duration-ms="76" started-at="2020-06-06T20:30:37Z" finished-at="2020-06-06T20:30:37Z">
          <reporter-output>
          </reporter-output>
        </test-method> <!-- done -->
      </class> <!-- test.Test_ForgetPassword -->
    </test> <!-- Default test -->
  </suite> <!-- Default suite -->
</testng-results>
