<?xml version="1.0" encoding="UTF-8"?>
<testng-results skipped="0" failed="0" total="4" passed="4">
  <reporter-output>
  </reporter-output>
  <suite name="Default suite" duration-ms="106549" started-at="2020-06-16T14:59:47Z" finished-at="2020-06-16T15:01:33Z">
    <groups>
    </groups>
    <test name="Default test" duration-ms="106549" started-at="2020-06-16T14:59:47Z" finished-at="2020-06-16T15:01:33Z">
      <class name="test.Test_LiveTv">
        <test-method status="PASS" signature="set()[pri:0, instance:test.Test_LiveTv@1ce92674]" test-instance-name="" name="set" is-config="true" duration-ms="1821" started-at="2020-06-16T21:59:47Z" finished-at="2020-06-16T21:59:48Z">
          <reporter-output>
          </reporter-output>
        </test-method> <!-- set -->
        <test-method status="PASS" signature="livetv_validateTabChatGTV()[pri:9, instance:test.Test_LiveTv@1ce92674]" test-instance-name="" name="livetv_validateTabChatGTV" duration-ms="34761" started-at="2020-06-16T21:59:48Z" finished-at="2020-06-16T22:00:23Z">
          <reporter-output>
          </reporter-output>
        </test-method> <!-- livetv_validateTabChatGTV -->
        <test-method status="PASS" signature="done(org.testng.ITestResult)[pri:0, instance:test.Test_LiveTv@1ce92674]" test-instance-name="" name="done" is-config="true" duration-ms="70" started-at="2020-06-16T22:00:23Z" finished-at="2020-06-16T22:00:23Z">
          <params>
            <param index="0">
              <value>
                <![CDATA[[TestResult name="" status=SUCCESS method=Test_LiveTv.livetv_validateTabChatGTV()[pri:9, instance:test.Test_LiveTv@1ce92674] output={null}]]]>
              </value>
            </param>
          </params>
          <reporter-output>
          </reporter-output>
        </test-method> <!-- done -->
        <test-method status="PASS" signature="set()[pri:0, instance:test.Test_LiveTv@1ce92674]" test-instance-name="" name="set" is-config="true" duration-ms="1379" started-at="2020-06-16T22:00:23Z" finished-at="2020-06-16T22:00:25Z">
          <reporter-output>
          </reporter-output>
        </test-method> <!-- set -->
        <test-method status="PASS" signature="livetv_validateTabChatINEWS()[pri:9, instance:test.Test_LiveTv@1ce92674]" test-instance-name="" name="livetv_validateTabChatINEWS" duration-ms="21362" started-at="2020-06-16T22:00:25Z" finished-at="2020-06-16T22:00:46Z">
          <reporter-output>
          </reporter-output>
        </test-method> <!-- livetv_validateTabChatINEWS -->
        <test-method status="PASS" signature="done(org.testng.ITestResult)[pri:0, instance:test.Test_LiveTv@1ce92674]" test-instance-name="" name="done" is-config="true" duration-ms="71" started-at="2020-06-16T22:00:46Z" finished-at="2020-06-16T22:00:46Z">
          <params>
            <param index="0">
              <value>
                <![CDATA[[TestResult name="" status=SUCCESS method=Test_LiveTv.livetv_validateTabChatINEWS()[pri:9, instance:test.Test_LiveTv@1ce92674] output={null}]]]>
              </value>
            </param>
          </params>
          <reporter-output>
          </reporter-output>
        </test-method> <!-- done -->
        <test-method status="PASS" signature="set()[pri:0, instance:test.Test_LiveTv@1ce92674]" test-instance-name="" name="set" is-config="true" duration-ms="1329" started-at="2020-06-16T22:00:46Z" finished-at="2020-06-16T22:00:47Z">
          <reporter-output>
          </reporter-output>
        </test-method> <!-- set -->
        <test-method status="PASS" signature="livetv_validateTabChatMNCTV()[pri:9, instance:test.Test_LiveTv@1ce92674]" test-instance-name="" name="livetv_validateTabChatMNCTV" duration-ms="19357" started-at="2020-06-16T22:00:47Z" finished-at="2020-06-16T22:01:07Z">
          <reporter-output>
          </reporter-output>
        </test-method> <!-- livetv_validateTabChatMNCTV -->
        <test-method status="PASS" signature="done(org.testng.ITestResult)[pri:0, instance:test.Test_LiveTv@1ce92674]" test-instance-name="" name="done" is-config="true" duration-ms="120" started-at="2020-06-16T22:01:07Z" finished-at="2020-06-16T22:01:07Z">
          <params>
            <param index="0">
              <value>
                <![CDATA[[TestResult name="" status=SUCCESS method=Test_LiveTv.livetv_validateTabChatMNCTV()[pri:9, instance:test.Test_LiveTv@1ce92674] output={null}]]]>
              </value>
            </param>
          </params>
          <reporter-output>
          </reporter-output>
        </test-method> <!-- done -->
        <test-method status="PASS" signature="set()[pri:0, instance:test.Test_LiveTv@1ce92674]" test-instance-name="" name="set" is-config="true" duration-ms="1248" started-at="2020-06-16T22:01:07Z" finished-at="2020-06-16T22:01:08Z">
          <reporter-output>
          </reporter-output>
        </test-method> <!-- set -->
        <test-method status="PASS" signature="livetv_validateTabChatRCTI()[pri:9, instance:test.Test_LiveTv@1ce92674]" test-instance-name="" name="livetv_validateTabChatRCTI" duration-ms="24890" started-at="2020-06-16T22:01:08Z" finished-at="2020-06-16T22:01:33Z">
          <reporter-output>
          </reporter-output>
        </test-method> <!-- livetv_validateTabChatRCTI -->
        <test-method status="PASS" signature="done(org.testng.ITestResult)[pri:0, instance:test.Test_LiveTv@1ce92674]" test-instance-name="" name="done" is-config="true" duration-ms="120" started-at="2020-06-16T22:01:33Z" finished-at="2020-06-16T22:01:33Z">
          <params>
            <param index="0">
              <value>
                <![CDATA[[TestResult name="" status=SUCCESS method=Test_LiveTv.livetv_validateTabChatRCTI()[pri:9, instance:test.Test_LiveTv@1ce92674] output={null}]]]>
              </value>
            </param>
          </params>
          <reporter-output>
          </reporter-output>
        </test-method> <!-- done -->
      </class> <!-- test.Test_LiveTv -->
    </test> <!-- Default test -->
  </suite> <!-- Default suite -->
</testng-results>
